{"/Users/juanvalentin.mora/Code/react-de-cero-a-experto-hooks-y-mern-clase-de-react-3/src/auth/context/AuthContext.jsx": {"path":"/Users/juanvalentin.mora/Code/react-de-cero-a-experto-hooks-y-mern-clase-de-react-3/src/auth/context/AuthContext.jsx","statementMap":{"0":{"start":{"line":3,"column":27},"end":{"line":3,"column":42}}},"fnMap":{},"branchMap":{},"s":{"0":1},"f":{},"b":{},"_coverageSchema":"1a1c01bbd47fc00a2c39e90264f33305004495a9","hash":"80b2462ab820ec81c8988f96b46b94db1bae5ea4"}
,"/Users/juanvalentin.mora/Code/react-de-cero-a-experto-hooks-y-mern-clase-de-react-3/src/auth/pages/LoginPage.jsx": {"path":"/Users/juanvalentin.mora/Code/react-de-cero-a-experto-hooks-y-mern-clase-de-react-3/src/auth/pages/LoginPage.jsx","statementMap":{"0":{"start":{"line":5,"column":25},"end":{"line":30,"column":1}},"1":{"start":{"line":6,"column":20},"end":{"line":6,"column":43}},"2":{"start":{"line":7,"column":19},"end":{"line":7,"column":32}},"3":{"start":{"line":9,"column":18},"end":{"line":16,"column":3}},"4":{"start":{"line":10,"column":21},"end":{"line":10,"column":60}},"5":{"start":{"line":12,"column":4},"end":{"line":12,"column":23}},"6":{"start":{"line":13,"column":4},"end":{"line":15,"column":7}},"7":{"start":{"line":18,"column":2},"end":{"line":29,"column":4}}},"fnMap":{"0":{"name":"(anonymous_0)","decl":{"start":{"line":5,"column":25},"end":{"line":5,"column":26}},"loc":{"start":{"line":5,"column":31},"end":{"line":30,"column":1}},"line":5},"1":{"name":"(anonymous_1)","decl":{"start":{"line":9,"column":18},"end":{"line":9,"column":19}},"loc":{"start":{"line":9,"column":24},"end":{"line":16,"column":3}},"line":9}},"branchMap":{"0":{"loc":{"start":{"line":10,"column":21},"end":{"line":10,"column":60}},"type":"binary-expr","locations":[{"start":{"line":10,"column":21},"end":{"line":10,"column":53}},{"start":{"line":10,"column":57},"end":{"line":10,"column":60}}],"line":10}},"s":{"0":1,"1":3,"2":3,"3":3,"4":2,"5":2,"6":2,"7":3},"f":{"0":3,"1":2},"b":{"0":[2,1]},"_coverageSchema":"1a1c01bbd47fc00a2c39e90264f33305004495a9","hash":"1ed047bda96bdf8c4afff59d1aceb3496cd1c8f0"}
}
