{"/Users/juanvalentin.mora/Code/react-de-cero-a-experto-hooks-y-mern-clase-de-react-3/src/heroes/data/heroes.js": {"path":"/Users/juanvalentin.mora/Code/react-de-cero-a-experto-hooks-y-mern-clase-de-react-3/src/heroes/data/heroes.js","statementMap":{"0":{"start":{"line":1,"column":22},"end":{"line":162,"column":1}}},"fnMap":{},"branchMap":{},"s":{"0":1},"f":{},"b":{},"_coverageSchema":"1a1c01bbd47fc00a2c39e90264f33305004495a9","hash":"3cdf41913c51e351fbe6fa7cb5673604d25a41fb"}
,"/Users/juanvalentin.mora/Code/react-de-cero-a-experto-hooks-y-mern-clase-de-react-3/src/heroes/helpers/getHeroById.js": {"path":"/Users/juanvalentin.mora/Code/react-de-cero-a-experto-hooks-y-mern-clase-de-react-3/src/heroes/helpers/getHeroById.js","statementMap":{"0":{"start":{"line":3,"column":27},"end":{"line":5,"column":1}},"1":{"start":{"line":4,"column":4},"end":{"line":4,"column":49}},"2":{"start":{"line":4,"column":33},"end":{"line":4,"column":47}}},"fnMap":{"0":{"name":"(anonymous_0)","decl":{"start":{"line":3,"column":27},"end":{"line":3,"column":28}},"loc":{"start":{"line":3,"column":35},"end":{"line":5,"column":1}},"line":3},"1":{"name":"(anonymous_1)","decl":{"start":{"line":4,"column":23},"end":{"line":4,"column":24}},"loc":{"start":{"line":4,"column":33},"end":{"line":4,"column":47}},"line":4}},"branchMap":{},"s":{"0":1,"1":3,"2":22},"f":{"0":3,"1":22},"b":{},"_coverageSchema":"1a1c01bbd47fc00a2c39e90264f33305004495a9","hash":"01409693ae6a84f50549c1cecbf6ec9c6655319d"}
,"/Users/juanvalentin.mora/Code/react-de-cero-a-experto-hooks-y-mern-clase-de-react-3/src/heroes/pages/HeroPage.jsx": {"path":"/Users/juanvalentin.mora/Code/react-de-cero-a-experto-hooks-y-mern-clase-de-react-3/src/heroes/pages/HeroPage.jsx","statementMap":{"0":{"start":{"line":5,"column":24},"end":{"line":47,"column":1}},"1":{"start":{"line":6,"column":21},"end":{"line":6,"column":32}},"2":{"start":{"line":7,"column":15},"end":{"line":7,"column":59}},"3":{"start":{"line":7,"column":29},"end":{"line":7,"column":48}},"4":{"start":{"line":8,"column":19},"end":{"line":8,"column":32}},"5":{"start":{"line":10,"column":25},"end":{"line":12,"column":3}},"6":{"start":{"line":11,"column":4},"end":{"line":11,"column":17}},"7":{"start":{"line":14,"column":2},"end":{"line":14,"column":46}},"8":{"start":{"line":14,"column":13},"end":{"line":14,"column":46}},"9":{"start":{"line":16,"column":2},"end":{"line":46,"column":4}}},"fnMap":{"0":{"name":"(anonymous_0)","decl":{"start":{"line":5,"column":24},"end":{"line":5,"column":25}},"loc":{"start":{"line":5,"column":30},"end":{"line":47,"column":1}},"line":5},"1":{"name":"(anonymous_1)","decl":{"start":{"line":7,"column":23},"end":{"line":7,"column":24}},"loc":{"start":{"line":7,"column":29},"end":{"line":7,"column":48}},"line":7},"2":{"name":"(anonymous_2)","decl":{"start":{"line":10,"column":25},"end":{"line":10,"column":26}},"loc":{"start":{"line":10,"column":31},"end":{"line":12,"column":3}},"line":10}},"branchMap":{"0":{"loc":{"start":{"line":14,"column":2},"end":{"line":14,"column":46}},"type":"if","locations":[{"start":{"line":14,"column":2},"end":{"line":14,"column":46}},{"start":{},"end":{}}],"line":14}},"s":{"0":1,"1":3,"2":3,"3":3,"4":3,"5":3,"6":1,"7":3,"8":1,"9":2},"f":{"0":3,"1":3,"2":1},"b":{"0":[1,2]},"_coverageSchema":"1a1c01bbd47fc00a2c39e90264f33305004495a9","hash":"455d32b745273f24231d72cd080395c955ef00ee"}
}
