TN:
SF:src/heroes/data/heroes.js
FNF:0
FNH:0
DA:1,1
LF:1
LH:1
BRF:0
BRH:0
end_of_record
TN:
SF:src/heroes/helpers/getHeroById.js
FN:3,(anonymous_0)
FN:4,(anonymous_1)
FNF:2
FNH:2
FNDA:3,(anonymous_0)
FNDA:22,(anonymous_1)
DA:3,1
DA:4,22
LF:2
LH:2
BRF:0
BRH:0
end_of_record
TN:
SF:src/heroes/pages/HeroPage.jsx
FN:5,(anonymous_0)
FN:7,(anonymous_1)
FN:10,(anonymous_2)
FNF:3
FNH:3
FNDA:3,(anonymous_0)
FNDA:3,(anonymous_1)
FNDA:1,(anonymous_2)
DA:5,1
DA:6,3
DA:7,3
DA:8,3
DA:10,3
DA:11,1
DA:14,3
DA:16,2
LF:8
LH:8
BRDA:14,0,0,1
BRDA:14,0,1,2
BRF:2
BRH:2
end_of_record
